<?xml version="1.0" encoding="UTF-8"?>
<!-- Generated by org.testng.reporters.JUnitXMLReporter -->
<testsuite ignored="0" hostname="DESKTOP-F4NHJUT" failures="0" tests="3" name="Surefire test" time="28.669" errors="0" timestamp="2026-04-16T19:09:20 IST">
  <testcase classname="io.cucumber.testng.AbstractTestNGCucumberTests" name="runScenario" time="5.496"/>
  <testcase classname="seleniumRaj.tests.ErrorValidationsTest" name="LoginErrorValdation" time="1.071"/>
  <testcase classname="seleniumRaj.tests.ErrorValidationsTest" name="ProductErrorValidation" time="14.204"/>
</testsuite> <!-- Surefire test -->
