<?xml version="1.0" encoding="UTF-8"?>
<!-- Generated by org.testng.reporters.JUnitXMLReporter -->
<testsuite ignored="0" hostname="DESKTOP-F4NHJUT" failures="1" tests="3" name="Error Validation Test" time="16.099" errors="0" timestamp="2025-11-29T11:21:42 IST">
  <testcase classname="rajtechlearning.tests.ErrorValidationsTest" name="ProductErrorValidation" time="2.467"/>
  <testcase classname="rajtechlearning.tests.ErrorValidationsTest" name="loginErrorValidation" time="0.738">
    <skipped/>
  </testcase> <!-- loginErrorValidation -->
  <testcase classname="rajtechlearning.tests.ErrorValidationsTest" name="loginErrorValidation" time="0.641">
    <failure type="java.lang.AssertionError" message="expected [Incorrect email or password.] but found [Incorrect email  password.]">
      <![CDATA[java.lang.AssertionError: expected [Incorrect email or password.] but found [Incorrect email  password.]
at rajtechlearning.tests.ErrorValidationsTest.loginErrorValidation(ErrorValidationsTest.java:24)
at java.base/java.util.ArrayList.forEach(ArrayList.java:1596)
at java.base/java.util.concurrent.FutureTask.run(FutureTask.java:317)
at java.base/java.util.concurrent.ThreadPoolExecutor.runWorker(ThreadPoolExecutor.java:1144)
at java.base/java.util.concurrent.ThreadPoolExecutor$Worker.run(ThreadPoolExecutor.java:642)
at java.base/java.lang.Thread.run(Thread.java:1583)
... Removed 21 stack frames]]>
    </failure>
  </testcase> <!-- loginErrorValidation -->
</testsuite> <!-- Error Validation Test -->
