<?xml version="1.0" encoding="UTF-8"?>
<!-- Generated by org.testng.reporters.JUnitXMLReporter -->
<testsuite ignored="0" hostname="DESKTOP-F4NHJUT" failures="1" tests="3" name="ErrorValidationsTest" time="40.933" errors="0" timestamp="2026-04-04T16:04:50 IST">
  <testcase classname="seleniumRaj.tests.ErrorValidationsTest" name="LoginErrorValdation" time="2.607">
    <skipped/>
  </testcase> <!-- LoginErrorValdation -->
  <testcase classname="seleniumRaj.tests.ErrorValidationsTest" name="LoginErrorValdation" time="1.13">
    <failure type="java.lang.AssertionError" message="expected [Incorrect email or password.] but found [Incorrect email .]">
      <![CDATA[java.lang.AssertionError: expected [Incorrect email or password.] but found [Incorrect email .]
at seleniumRaj.tests.ErrorValidationsTest.LoginErrorValdation(ErrorValidationsTest.java:30)
at java.base/java.util.ArrayList.forEach(ArrayList.java:1511)
at java.base/java.util.concurrent.FutureTask.run(FutureTask.java:264)
at java.base/java.util.concurrent.ThreadPoolExecutor.runWorker(ThreadPoolExecutor.java:1136)
at java.base/java.util.concurrent.ThreadPoolExecutor$Worker.run(ThreadPoolExecutor.java:635)
at java.base/java.lang.Thread.run(Thread.java:840)
... Removed 23 stack frames]]>
    </failure>
  </testcase> <!-- LoginErrorValdation -->
  <testcase classname="seleniumRaj.tests.ErrorValidationsTest" name="ProductErrorValidation" time="15.283"/>
</testsuite> <!-- ErrorValidationsTest -->
