<?xml version="1.0" encoding="UTF-8"?>
<!-- Generated by org.testng.reporters.JUnitXMLReporter -->
<testsuite ignored="0" hostname="DESKTOP-F4NHJUT" failures="0" tests="3" name="Submit Order Test" time="22.796" errors="0" timestamp="2025-11-29T11:21:48 IST">
  <testcase classname="rajtechlearning.tests.SubmitOrderTest" name="sumbitorder" time="4.924"/>
  <testcase classname="rajtechlearning.tests.SubmitOrderTest" name="sumbitorder" time="3.919"/>
  <testcase classname="rajtechlearning.tests.SubmitOrderTest" name="orderHistoryTest" time="0.965"/>
</testsuite> <!-- Submit Order Test -->
