<?xml version="1.0" encoding="UTF-8"?>
<!-- Generated by org.testng.reporters.JUnitXMLReporter -->
<testsuite ignored="0" hostname="DESKTOP-F4NHJUT" failures="1" tests="3" name="SumbitOrderTestEndtoEnd" time="42.157" errors="0" timestamp="2026-04-04T16:04:50 IST">
  <testcase classname="seleniumRaj.tests.SubmitOrderEndToEnd" name="submitOrderEndToEnd" time="6.342"/>
  <testcase classname="seleniumRaj.tests.SubmitOrderEndToEnd" name="submitOrderEndToEnd" time="19.608">
    <failure type="java.lang.AssertionError" message="expected [true] but found [false]">
      <![CDATA[java.lang.AssertionError: expected [true] but found [false]
at seleniumRaj.tests.SubmitOrderEndToEnd.submitOrderEndToEnd(SubmitOrderEndToEnd.java:43)
at java.base/java.util.ArrayList.forEach(ArrayList.java:1511)
at java.base/java.util.concurrent.FutureTask.run(FutureTask.java:264)
at java.base/java.util.concurrent.ThreadPoolExecutor.runWorker(ThreadPoolExecutor.java:1136)
at java.base/java.util.concurrent.ThreadPoolExecutor$Worker.run(ThreadPoolExecutor.java:635)
at java.base/java.lang.Thread.run(Thread.java:840)
... Removed 21 stack frames]]>
    </failure>
  </testcase> <!-- submitOrderEndToEnd -->
  <testcase classname="seleniumRaj.tests.SubmitOrderEndToEnd" name="orderHistoryTest" time="0.001">
    <skipped/>
  </testcase> <!-- orderHistoryTest -->
</testsuite> <!-- SumbitOrderTestEndtoEnd -->
