<?xml version="1.0" encoding="UTF-8"?>
<!-- Generated by org.testng.reporters.JUnitReportReporter -->
<testsuite hostname="DESKTOP-F4NHJUT" failures="0" tests="3" name="rajtechlearning.tests.SubmitOrderTest" time="22.386" errors="0" timestamp="2025-11-29T11:21:48 IST" skipped="0">
  <testcase classname="rajtechlearning.tests.SubmitOrderTest" name="orderHistoryTest" time="2.816"/>
  <testcase classname="rajtechlearning.tests.SubmitOrderTest" name="sumbitorder" time="11.358"/>
  <testcase classname="rajtechlearning.tests.SubmitOrderTest" name="sumbitorder" time="8.212"/>
</testsuite> <!-- rajtechlearning.tests.SubmitOrderTest -->
