<?xml version="1.0" encoding="UTF-8"?>
<!-- Generated by org.testng.reporters.JUnitReportReporter -->
<testsuite hostname="DESKTOP-F4NHJUT" failures="0" tests="2" name="seleniumRaj.tests.ErrorValidationsTest" time="22.275" errors="0" timestamp="2026-04-16T19:09:20 IST" skipped="0">
  <testcase classname="seleniumRaj.tests.ErrorValidationsTest" name="ProductErrorValidation" time="17.453"/>
  <testcase classname="seleniumRaj.tests.ErrorValidationsTest" name="LoginErrorValdation" time="4.822"/>
</testsuite> <!-- seleniumRaj.tests.ErrorValidationsTest -->
